Source.obj : error LNK2019: unresolved external symbol glutInit referenced in function main
Source.obj : error LNK2019: unresolved external symbol glutInitDisplayMode referenced in function "void __cdecl key2(unsigned char,int,int)" (?key2@@YAXEHH@Z)
Source.obj : error LNK2019: unresolved external symbol glutInitWindowPosition referenced in function "void __cdecl key2(unsigned char,int,int)" (?key2@@YAXEHH@Z)
Source.obj : error LNK2019: unresolved external symbol glutInitWindowSize referenced in function "void __cdecl key2(unsigned char,int,int)" (?key2@@YAXEHH@Z)
Source.obj : error LNK2019: unresolved external symbol glutMainLoop referenced in function "void __cdecl key2(unsigned char,int,int)" (?key2@@YAXEHH@Z)
Source.obj : error LNK2019: unresolved external symbol glutCreateWindow referenced in function "void __cdecl key2(unsigned char,int,int)" (?key2@@YAXEHH@Z)
Source.obj : error LNK2019: unresolved external symbol glutDestroyWindow referenced in function "void __cdecl key2(unsigned char,int,int)" (?key2@@YAXEHH@Z)
Source.obj : error LNK2019: unresolved external symbol glutPostRedisplay referenced in function "void __cdecl joyStickHandeler(void)" (?joyStickHandeler@@YAXXZ)
Source.obj : error LNK2019: unresolved external symbol glutSwapBuffers referenced in function "void __cdecl HomeScene(void)" (?HomeScene@@YAXXZ)
Source.obj : error LNK2019: unresolved external symbol glutDisplayFunc referenced in function "void __cdecl key2(unsigned char,int,int)" (?key2@@YAXEHH@Z)
Source.obj : error LNK2019: unresolved external symbol glutReshapeFunc referenced in function "void __cdecl key2(unsigned char,int,int)" (?key2@@YAXEHH@Z)
Source.obj : error LNK2019: unresolved external symbol glutKeyboardFunc referenced in function "void __cdecl key2(unsigned char,int,int)" (?key2@@YAXEHH@Z)
Source.obj : error LNK2019: unresolved external symbol glutTimerFunc referenced in function "void __cdecl myTimer(int)" (?myTimer@@YAXH@Z)
Source.obj : error LNK2019: unresolved external symbol glutSpecialFunc referenced in function "void __cdecl key2(unsigned char,int,int)" (?key2@@YAXEHH@Z)
Source.obj : error LNK2019: unresolved external symbol glutBitmapCharacter referenced in function "void __cdecl HomeScene(void)" (?HomeScene@@YAXXZ)
Source.obj : error LNK2019: unresolved external symbol glutSolidSphere referenced in function "void __cdecl tree1(void)" (?tree1@@YAXXZ)
Source.obj : error LNK2019: unresolved external symbol glfwJoystickPresent referenced in function "void __cdecl joyStickHandeler(void)" (?joyStickHandeler@@YAXXZ)
Source.obj : error LNK2019: unresolved external symbol glfwGetJoystickAxes referenced in function "void __cdecl joyStickHandeler(void)" (?joyStickHandeler@@YAXXZ)
Source.obj : error LNK2019: unresolved external symbol glfwGetJoystickButtons referenced in function "void __cdecl joyStickHandeler(void)" (?joyStickHandeler@@YAXXZ)
C:\Program Files (x86)\Windows Kits\10\lib\10.0.17134.0\um\x64\glut32.lib : warning LNK4272: library machine type 'x86' conflicts with target machine type 'x64'
glfw3.lib : warning LNK4272: library machine type 'x86' conflicts with target machine type 'x64'
glfw3dll.lib : warning LNK4272: library machine type 'x86' conflicts with target machine type 'x64'
C:\Program Files (x86)\Windows Kits\10\lib\10.0.17134.0\um\x64\SOIL.lib : warning LNK4272: library machine type 'x86' conflicts with target machine type 'x64'
E:\Edu & Learn\Tamrin\C++\Graphic\Final_Project\x64\Debug\Project.exe : fatal error LNK1120: 19 unresolved externals
